mode: set
soma_server/api/server.go:18.53,20.2 1 1
soma_server/api/server.go:22.43,23.12 1 0
soma_server/api/server.go:23.12,24.7 1 0
soma_server/api/server.go:24.7,27.4 2 0
soma_server/api/server.go:30.2,36.39 6 0
soma_server/api/server.go:39.70,43.27 4 1
soma_server/api/server.go:43.27,46.3 2 1
soma_server/api/server.go:47.2,49.34 3 1
soma_server/api/server.go:52.75,56.27 4 1
soma_server/api/server.go:56.27,59.3 2 1
soma_server/api/server.go:61.2,65.65 2 1
soma_server/api/server.go:65.65,68.3 2 1
soma_server/api/server.go:71.2,73.16 3 0
soma_server/api/server.go:73.16,76.3 2 0
soma_server/api/server.go:81.2,101.4 10 0
soma_server/api/server.go:104.76,108.27 4 1
soma_server/api/server.go:108.27,111.3 2 1
soma_server/api/server.go:112.2,112.24 1 1
soma_server/api/server.go:112.24,115.3 2 1
soma_server/api/server.go:116.2,119.64 2 1
soma_server/api/server.go:119.64,122.3 2 1
soma_server/api/server.go:123.2,125.105 3 1
soma_server/api/server.go:128.68,132.27 4 1
soma_server/api/server.go:132.27,135.3 2 1
soma_server/api/server.go:136.2,136.24 1 1
soma_server/api/server.go:136.24,139.3 2 1
soma_server/api/server.go:140.2,143.64 2 1
soma_server/api/server.go:143.64,146.3 2 1
soma_server/api/server.go:147.2,149.107 3 1
